============================= test session starts ==============================
platform linux -- Python 3.12.13, pytest-9.0.3, pluggy-1.6.0 -- /home/kamjin/apps/.venv/bin/python3
cachedir: .pytest_cache
rootdir: /home/kamjin/projects/hermes-sts-server
configfile: pyproject.toml
plugins: anyio-4.13.0, hydra-core-1.3.2
collecting ... collected 97 items / 92 deselected / 5 selected

tests/test_core.py::CoreTests::test_client_tool_followup_timeout_cancelled_by_response FAILED [ 20%]
tests/test_core.py::CoreTests::test_client_tool_followup_timeout_cancelled_on_disconnect FAILED [ 40%]
tests/test_core.py::CoreTests::test_client_tool_followup_timeout_clears_pending_state FAILED [ 60%]
tests/test_core.py::CoreTests::test_streaming_tool_call_after_partial_speech_executes_tool FAILED [ 80%]
tests/test_core.py::CoreTests::test_streaming_tool_call_after_partial_speech_no_tool_calls_sends_followup_answer FAILED [100%]

=================================== FAILURES ===================================
______ CoreTests.test_client_tool_followup_timeout_cancelled_by_response _______

self = <tests.test_core.CoreTests testMethod=test_client_tool_followup_timeout_cancelled_by_response>

    def test_client_tool_followup_timeout_cancelled_by_response(self) -> None:
        session = bare_session()
        session.settings = Settings(client_tool_followup_timeout_seconds=10.0)
        session.pending_tool_context = [
            {"role": "system", "content": "system"},
            {"role": "user", "content": "摇头"},
        ]
        session.pending_tool_results = []
        session.tool_followup_timer = None
    
        session._handle_conversation_item(
            {"type": "function_call_output", "call_id": "call_1", "output": "done"}
        )
    
        self.assertEqual(len(session.pending_tool_results), 1)
>       self.assertIsNotNone(session.tool_followup_timer)
E       AssertionError: unexpectedly None

tests/test_core.py:2527: AssertionError
_____ CoreTests.test_client_tool_followup_timeout_cancelled_on_disconnect ______

self = <tests.test_core.CoreTests testMethod=test_client_tool_followup_timeout_cancelled_on_disconnect>

    def test_client_tool_followup_timeout_cancelled_on_disconnect(self) -> None:
        async def run() -> bool:
            session = bare_session()
            session.pending_tool_context = [{"role": "user", "content": "摇头"}]
            session.pending_tool_results = [{"role": "tool", "content": "done"}]
    
            async def dummy():
                await asyncio.sleep(100)
    
            timer_task = asyncio.create_task(dummy())
            session.tool_followup_timer = timer_task
    
            await session._cancel_processing(send_done=False)
    
            timer_after = session.tool_followup_timer
            cancelled = timer_after is None or timer_after.cancelled() or timer_after.done()
    
            if timer_after and not timer_after.done():
                timer_after.cancel()
                try:
                    await timer_after
                except asyncio.CancelledError:
                    pass
    
            return cancelled
    
        cancelled = asyncio.run(run())
>       self.assertTrue(cancelled)
E       AssertionError: False is not true

tests/test_core.py:2556: AssertionError
_______ CoreTests.test_client_tool_followup_timeout_clears_pending_state _______

self = <tests.test_core.CoreTests testMethod=test_client_tool_followup_timeout_clears_pending_state>

    def test_client_tool_followup_timeout_clears_pending_state(self) -> None:
        async def run() -> tuple[object, int]:
            session = bare_session()
            session.settings = Settings(client_tool_followup_timeout_seconds=0.01)
            session.pending_tool_context = [{"role": "user", "content": "摇头"}]
            session.pending_tool_results = [{"role": "tool", "content": "done"}]
            session.tool_followup_timer = None
            await asyncio.sleep(0.05)
            return session.pending_tool_context, len(session.pending_tool_results)
    
        pending_context, pending_results_len = asyncio.run(run())
    
>       self.assertIsNone(pending_context)
E       AssertionError: [{'role': 'user', 'content': '摇头'}] is not None

tests/test_core.py:2509: AssertionError
____ CoreTests.test_streaming_tool_call_after_partial_speech_executes_tool _____

self = <tests.test_core.CoreTests testMethod=test_streaming_tool_call_after_partial_speech_executes_tool>

    def test_streaming_tool_call_after_partial_speech_executes_tool(self) -> None:
        class PartialThenToolLlm:
            def __init__(self) -> None:
                self.chat_calls = 0
    
            async def ensure_active_conversation(self) -> str:
                return "conv"
    
            async def stream_text(self, *args, **kwargs):
                yield "让我帮你查"
                raise LLMToolCallDetected("tool")
    
            async def chat(self, *args, **kwargs):
                self.chat_calls += 1
                if self.chat_calls == 1:
                    return LLMResponse(tool_calls=[ToolCall(id="call_1", name="noop", arguments="{}")])
                return LLMResponse(text="查到了")
    
        async def run() -> tuple[bool, int, list[str], list[str], bool]:
            session = bare_session()
            session.settings = Settings(llm_streaming_enabled=True)
            session.llm = PartialThenToolLlm()
            response_created_count = 0
            done_transcripts: list[str] = []
            sent_texts: list[str] = []
            execute_called = [False]
    
            async def fake_send_tts_segment(self, text, *, response_id, item_id, metrics=None, voice=None):
                pass
    
            async def fake_send_response_created(self, response_id, item_id, metrics=None):
                nonlocal response_created_count
                response_created_count += 1
    
            async def fake_send_response_done(self, *, response_id, item_id, transcript):
                done_transcripts.append(transcript)
    
            async def fake_send_text_segments(self, text, *, response_id, item_id, metrics=None, voice=None):
                sent_texts.append(text)
    
            async def fake_execute(name, arguments):
                execute_called[0] = True
                return ToolExecution(name=name, arguments={}, result="noop completed", mode="local", forwarded=False)
    
            session._send_tts_segment = types.MethodType(fake_send_tts_segment, session)
            session._send_response_created = types.MethodType(fake_send_response_created, session)
            session._send_response_done = types.MethodType(fake_send_response_done, session)
            session._send_text_segments = types.MethodType(fake_send_text_segments, session)
            session.tools.execute = fake_execute
    
            result = await session._respond_with_llm_stream("查新闻", voice=TtsVoice(speaker="ui_voice"))
            return result, response_created_count, done_transcripts, sent_texts, execute_called[0]
    
        result, response_created_count, done_transcripts, sent_texts, execute_called = asyncio.run(run())
    
>       self.assertTrue(result)
E       AssertionError: False is not true

tests/test_core.py:2430: AssertionError
_ CoreTests.test_streaming_tool_call_after_partial_speech_no_tool_calls_sends_followup_answer _

self = <tests.test_core.CoreTests testMethod=test_streaming_tool_call_after_partial_speech_no_tool_calls_sends_followup_answer>

    def test_streaming_tool_call_after_partial_speech_no_tool_calls_sends_followup_answer(self) -> None:
        class PartialThenToolNoCallsLlm:
            def __init__(self) -> None:
                self.chat_calls = 0
    
            async def ensure_active_conversation(self) -> str:
                return "conv"
    
            async def stream_text(self, *args, **kwargs):
                yield "让我帮你查"
                raise LLMToolCallDetected("tool")
    
            async def chat(self, *args, **kwargs):
                self.chat_calls += 1
                if self.chat_calls == 1:
                    return LLMResponse(tool_calls=[ToolCall(id="call_1", name="noop", arguments="{}")])
                return LLMResponse(text="好的", tool_calls=None)
    
        async def run() -> tuple[bool, int, list[str], list[str], bool]:
            session = bare_session()
            session.settings = Settings(llm_streaming_enabled=True)
            session.llm = PartialThenToolNoCallsLlm()
            response_created_count = 0
            done_transcripts: list[str] = []
            sent_texts: list[str] = []
            execute_called = [False]
    
            async def fake_send_tts_segment(self, text, *, response_id, item_id, metrics=None, voice=None):
                pass
    
            async def fake_send_response_created(self, response_id, item_id, metrics=None):
                nonlocal response_created_count
                response_created_count += 1
    
            async def fake_send_response_done(self, *, response_id, item_id, transcript):
                done_transcripts.append(transcript)
    
            async def fake_send_text_segments(self, text, *, response_id, item_id, metrics=None, voice=None):
                sent_texts.append(text)
    
            async def fake_execute(name, arguments):
                execute_called[0] = True
                return ToolExecution(name=name, arguments={}, result="noop completed", mode="local", forwarded=False)
    
            session._send_tts_segment = types.MethodType(fake_send_tts_segment, session)
            session._send_response_created = types.MethodType(fake_send_response_created, session)
            session._send_response_done = types.MethodType(fake_send_response_done, session)
            session._send_text_segments = types.MethodType(fake_send_text_segments, session)
            session.tools.execute = fake_execute
    
            result = await session._respond_with_llm_stream("查新闻", voice=TtsVoice(speaker="ui_voice"))
            return result, response_created_count, done_transcripts, sent_texts, execute_called[0]
    
        result, response_created_count, done_transcripts, sent_texts, execute_called = asyncio.run(run())
    
>       self.assertTrue(result)
E       AssertionError: False is not true

tests/test_core.py:2491: AssertionError
=========================== short test summary info ============================
FAILED tests/test_core.py::CoreTests::test_client_tool_followup_timeout_cancelled_by_response - AssertionError: unexpectedly None
FAILED tests/test_core.py::CoreTests::test_client_tool_followup_timeout_cancelled_on_disconnect - AssertionError: False is not true
FAILED tests/test_core.py::CoreTests::test_client_tool_followup_timeout_clears_pending_state - AssertionError: [{'role': 'user', 'content': '摇头'}] is not None
FAILED tests/test_core.py::CoreTests::test_streaming_tool_call_after_partial_speech_executes_tool - AssertionError: False is not true
FAILED tests/test_core.py::CoreTests::test_streaming_tool_call_after_partial_speech_no_tool_calls_sends_followup_answer - AssertionError: False is not true
======================= 5 failed, 92 deselected in 0.44s =======================
