============================= test session starts ==============================
platform linux -- Python 3.12.13, pytest-9.0.3, pluggy-1.6.0 -- /home/kamjin/apps/.venv/bin/python3
cachedir: .pytest_cache
rootdir: /home/kamjin/projects/hermes-sts-server
configfile: pyproject.toml
plugins: anyio-4.13.0, hydra-core-1.3.2
collecting ... collected 97 items / 95 deselected / 2 selected

tests/test_core.py::CoreTests::test_streaming_tool_call_after_partial_speech_executes_tool PASSED [ 50%]
tests/test_core.py::CoreTests::test_streaming_tool_call_after_partial_speech_no_tool_calls_sends_followup_answer PASSED [100%]

======================= 2 passed, 95 deselected in 0.27s =======================
